{"nbformat":4,"nbformat_minor":0,"metadata":{"colab":{"provenance":[],"authorship_tag":"ABX9TyOLmbgP7zJpg4+8aRZr1KPG"},"kernelspec":{"name":"python3","display_name":"Python 3"},"language_info":{"name":"python"}},"cells":[{"cell_type":"markdown","source":["## 1. Is the Python Standard Library included with PyInputPlus?"],"metadata":{"id":"m_oh77O_OJQt"}},{"cell_type":"markdown","source":["Ans: -\n","\n","PyInputPlus is not a part of the Python Standard Library, we must install it separately using Pip."],"metadata":{"id":"FB6vO_WEONKo"}},{"cell_type":"code","execution_count":null,"metadata":{"id":"feKWCXX6NiYT","colab":{"base_uri":"https://localhost:8080/"},"executionInfo":{"status":"ok","timestamp":1666872294164,"user_tz":-330,"elapsed":29995,"user":{"displayName":"Padma Dey","userId":"04161716402767628731"}},"outputId":"0a133eef-2688-4f1e-a798-f589f4c1b83f"},"outputs":[{"output_type":"stream","name":"stdout","text":["Looking in indexes: https://pypi.org/simple, https://us-python.pkg.dev/colab-wheels/public/simple/\n","Collecting pyinputplus\n","  Downloading PyInputPlus-0.2.12.tar.gz (20 kB)\n","  Installing build dependencies ... \u001b[?25l\u001b[?25hdone\n","  Getting requirements to build wheel ... \u001b[?25l\u001b[?25hdone\n","    Preparing wheel metadata ... \u001b[?25l\u001b[?25hdone\n","Collecting pysimplevalidate>=0.2.7\n","  Downloading PySimpleValidate-0.2.12.tar.gz (22 kB)\n","  Installing build dependencies ... \u001b[?25l\u001b[?25hdone\n","  Getting requirements to build wheel ... \u001b[?25l\u001b[?25hdone\n","    Preparing wheel metadata ... \u001b[?25l\u001b[?25hdone\n","Collecting stdiomask>=0.0.3\n","  Downloading stdiomask-0.0.6.tar.gz (3.6 kB)\n","  Installing build dependencies ... \u001b[?25l\u001b[?25hdone\n","  Getting requirements to build wheel ... \u001b[?25l\u001b[?25hdone\n","    Preparing wheel metadata ... \u001b[?25l\u001b[?25hdone\n","Building wheels for collected packages: pyinputplus, pysimplevalidate, stdiomask\n","  Building wheel for pyinputplus (PEP 517) ... \u001b[?25l\u001b[?25hdone\n","  Created wheel for pyinputplus: filename=PyInputPlus-0.2.12-py3-none-any.whl size=11315 sha256=9786eccc9a053ec76c27516f66ed85f9c3c3163d6d2f0967f5d667b9e7f125d8\n","  Stored in directory: /root/.cache/pip/wheels/e7/33/73/719f8f1bd984d39face880fd22f6c5ef1b85f726e84c687094\n","  Building wheel for pysimplevalidate (PEP 517) ... \u001b[?25l\u001b[?25hdone\n","  Created wheel for pysimplevalidate: filename=PySimpleValidate-0.2.12-py3-none-any.whl size=16193 sha256=e810e33c4ea118d62351c438f45100287404d495830f3b8afed8d30aaf971bf4\n","  Stored in directory: /root/.cache/pip/wheels/5a/8b/6c/2925d22b93860bdc9b8ce02c3d2cf79336606f7469cef66065\n","  Building wheel for stdiomask (PEP 517) ... \u001b[?25l\u001b[?25hdone\n","  Created wheel for stdiomask: filename=stdiomask-0.0.6-py3-none-any.whl size=3321 sha256=c5123ca32b6eb58dc492659829b22248ddfb3d0cc640b8874a612e3463ed7a1d\n","  Stored in directory: /root/.cache/pip/wheels/cf/13/89/64d0d3b167759523f4c1e68f883bbc30e7bfa27050edeb418e\n","Successfully built pyinputplus pysimplevalidate stdiomask\n","Installing collected packages: stdiomask, pysimplevalidate, pyinputplus\n","Successfully installed pyinputplus-0.2.12 pysimplevalidate-0.2.12 stdiomask-0.0.6\n"]}],"source":["!pip install pyinputplus"]},{"cell_type":"markdown","source":["## 2. Why is PyInputPlus commonly imported with import pyinputplus as pypi?"],"metadata":{"id":"tmZItNatORD7"}},{"cell_type":"markdown","source":["Ans: -\n","\n","You can import the module with import pyinputplus as pyip so that you can enter a shorter name when calling the moduleâ€™s functions.\n","\n","pypi is alias of PyInputPlus. The as pyip code in the import statement saves us from typing pyinputplus each time we want to call a PyInputPlus function. Instead we can use the shorter pyip name."],"metadata":{"id":"lpjNw6XBOWoi"}},{"cell_type":"code","source":[],"metadata":{"id":"m7guh2xWOZmU"},"execution_count":null,"outputs":[]},{"cell_type":"markdown","source":["## 3. How do you distinguish between inputInt() and inputFloat()?"],"metadata":{"id":"ICYoG7eOOaLJ"}},{"cell_type":"markdown","source":["Ans: -\n","\n","The difference is in the data-type when you use the first one the program expects an integer value as input but in the latter it expects a float value i.e number containing a decimal.\n","\n","- inputInt() : Accepts an integer value, and returns int value.\n","- inputFloat() : Accepts integer/floating point value and returns float value."],"metadata":{"id":"PbvtG4BzOe7B"}},{"cell_type":"code","source":["import pyinputplus as pyip\n","\n","pyip.inputInt()\n","pyip.inputFloat()"],"metadata":{"id":"WDmV4cLHOfnT","colab":{"base_uri":"https://localhost:8080/"},"executionInfo":{"status":"ok","timestamp":1666872328874,"user_tz":-330,"elapsed":34735,"user":{"displayName":"Padma Dey","userId":"04161716402767628731"}},"outputId":"36c64d61-fb30-40da-da32-0dac2a232237"},"execution_count":null,"outputs":[{"name":"stdout","output_type":"stream","text":["7.8\n","'7.8' is not an integer.\n","7\n","9\n"]},{"output_type":"execute_result","data":{"text/plain":["9.0"]},"metadata":{},"execution_count":2}]},{"cell_type":"markdown","source":["## 4. Using PyInputPlus, how do you ensure that the user enters a whole number between 0 and 99?"],"metadata":{"id":"7tvdQAhqOgOK"}},{"cell_type":"markdown","source":["Ans: -\n","\n","By using pyip.inputint(min=0, max=99).\n","\n","In the inputint function we can set the min = 0 and max =99 to ensure user enters number between 0 and 99."],"metadata":{"id":"4r4JrzhGOmB7"}},{"cell_type":"code","source":["pyip.inputInt(min = 0, max =99)"],"metadata":{"id":"M418zXFdOnm0","colab":{"base_uri":"https://localhost:8080/"},"executionInfo":{"status":"ok","timestamp":1666872351317,"user_tz":-330,"elapsed":22512,"user":{"displayName":"Padma Dey","userId":"04161716402767628731"}},"outputId":"0c41f667-36bc-4ca1-d5c8-5f83d74d78f4"},"execution_count":null,"outputs":[{"name":"stdout","output_type":"stream","text":["777\n","Number must be at maximum 99.\n","66\n"]},{"output_type":"execute_result","data":{"text/plain":["66"]},"metadata":{},"execution_count":3}]},{"cell_type":"markdown","source":["## 5. What is transferred to the keyword arguments allowRegexes and blockRegexes?"],"metadata":{"id":"06DVQFxqOoDU"}},{"cell_type":"markdown","source":["Ans: -\n","\n","A list of regex strings that are either explicitly allowed or denied.\n","\n","We can also use regular expressions to specify whether an input is allowed or not. The allowRegexes and blockRegexes keyword arguments take a list of regular expression strings to determine what the PyInputPlus function will accept or reject as valid input."],"metadata":{"id":"-U5eZ7QKOsWB"}},{"cell_type":"code","source":["response = pyip.inputNum(allowRegexes=[r'(I|V|X|L|C|D|M)+', r'zero']) # it allowes roman letters as numbers too"],"metadata":{"id":"ePtxghuoOs7D","colab":{"base_uri":"https://localhost:8080/"},"executionInfo":{"status":"ok","timestamp":1666872374449,"user_tz":-330,"elapsed":23238,"user":{"displayName":"Padma Dey","userId":"04161716402767628731"}},"outputId":"94b7b29c-0d0e-456c-d465-1173818b66f2"},"execution_count":null,"outputs":[{"name":"stdout","output_type":"stream","text":["x\n","'x' is not a number.\n","5\n"]}]},{"cell_type":"code","source":["response = pyip.inputNum(blockRegexes=[r'[02468]$'])# blocks the even numbers"],"metadata":{"colab":{"base_uri":"https://localhost:8080/"},"id":"IolpQiknURO9","executionInfo":{"status":"ok","timestamp":1666872411894,"user_tz":-330,"elapsed":37451,"user":{"displayName":"Padma Dey","userId":"04161716402767628731"}},"outputId":"33d4a9fb-1d8d-4df0-96c0-b821e2c618c8"},"execution_count":null,"outputs":[{"name":"stdout","output_type":"stream","text":["2\n","This response is invalid.\n","g\n","'g' is not a number.\n","4\n","This response is invalid.\n","6\n","This response is invalid.\n","45\n"]}]},{"cell_type":"markdown","source":["## 6. If a blank input is entered three times, what does inputStr(limit=3) do?"],"metadata":{"id":"MaFf0axROtc1"}},{"cell_type":"markdown","source":["Ans: -\n","\n","The function will raise RetryLimitException."],"metadata":{"id":"rsCkk-mzOx1d"}},{"cell_type":"code","source":["response = pyip.inputStr(limit=3)"],"metadata":{"id":"McUxtg_xOyWj","colab":{"base_uri":"https://localhost:8080/","height":589},"executionInfo":{"status":"error","timestamp":1666872491436,"user_tz":-330,"elapsed":11329,"user":{"displayName":"Padma Dey","userId":"04161716402767628731"}},"outputId":"6315e19a-39c2-4265-c31e-f57dad229cdb"},"execution_count":null,"outputs":[{"output_type":"stream","name":"stdout","text":[" \n","Blank values are not allowed.\n"," \n","Blank values are not allowed.\n"," \n","Blank values are not allowed.\n"]},{"output_type":"error","ename":"RetryLimitException","evalue":"ignored","traceback":["\u001b[0;31m---------------------------------------------------------------------------\u001b[0m","\u001b[0;31mValidationException\u001b[0m                       Traceback (most recent call last)","\u001b[0;32m/usr/local/lib/python3.7/dist-packages/pyinputplus/__init__.py\u001b[0m in \u001b[0;36m_genericInput\u001b[0;34m(prompt, default, timeout, limit, applyFunc, validationFunc, postValidateApplyFunc, passwordMask)\u001b[0m\n\u001b[1;32m    167\u001b[0m             possibleNewUserInput = validationFunc(\n\u001b[0;32m--> 168\u001b[0;31m                 \u001b[0muserInput\u001b[0m\u001b[0;34m\u001b[0m\u001b[0;34m\u001b[0m\u001b[0m\n\u001b[0m\u001b[1;32m    169\u001b[0m             )  # If validation fails, this function will raise an exception. Returns an updated value to use as user input (e.g. stripped of whitespace, etc.)\n","\u001b[0;32m/usr/local/lib/python3.7/dist-packages/pyinputplus/__init__.py\u001b[0m in \u001b[0;36m<lambda>\u001b[0;34m(value)\u001b[0m\n\u001b[1;32m    243\u001b[0m     validationFunc = lambda value: pysv._prevalidationCheck(\n\u001b[0;32m--> 244\u001b[0;31m         \u001b[0mvalue\u001b[0m\u001b[0;34m,\u001b[0m \u001b[0mblank\u001b[0m\u001b[0;34m=\u001b[0m\u001b[0mblank\u001b[0m\u001b[0;34m,\u001b[0m \u001b[0mstrip\u001b[0m\u001b[0;34m=\u001b[0m\u001b[0mstrip\u001b[0m\u001b[0;34m,\u001b[0m \u001b[0mallowRegexes\u001b[0m\u001b[0;34m=\u001b[0m\u001b[0mallowRegexes\u001b[0m\u001b[0;34m,\u001b[0m \u001b[0mblockRegexes\u001b[0m\u001b[0;34m=\u001b[0m\u001b[0mblockRegexes\u001b[0m\u001b[0;34m,\u001b[0m \u001b[0mexcMsg\u001b[0m\u001b[0;34m=\u001b[0m\u001b[0;32mNone\u001b[0m\u001b[0;34m,\u001b[0m\u001b[0;34m\u001b[0m\u001b[0;34m\u001b[0m\u001b[0m\n\u001b[0m\u001b[1;32m    245\u001b[0m     )[1]\n","\u001b[0;32m/usr/local/lib/python3.7/dist-packages/pysimplevalidate/__init__.py\u001b[0m in \u001b[0;36m_prevalidationCheck\u001b[0;34m(value, blank, strip, allowRegexes, blockRegexes, excMsg)\u001b[0m\n\u001b[1;32m    249\u001b[0m         \u001b[0;31m# value is blank but blanks aren't allowed.\u001b[0m\u001b[0;34m\u001b[0m\u001b[0;34m\u001b[0m\u001b[0;34m\u001b[0m\u001b[0m\n\u001b[0;32m--> 250\u001b[0;31m         \u001b[0m_raiseValidationException\u001b[0m\u001b[0;34m(\u001b[0m\u001b[0m_\u001b[0m\u001b[0;34m(\u001b[0m\u001b[0;34m\"Blank values are not allowed.\"\u001b[0m\u001b[0;34m)\u001b[0m\u001b[0;34m,\u001b[0m \u001b[0mexcMsg\u001b[0m\u001b[0;34m)\u001b[0m\u001b[0;34m\u001b[0m\u001b[0;34m\u001b[0m\u001b[0m\n\u001b[0m\u001b[1;32m    251\u001b[0m     \u001b[0;32melif\u001b[0m \u001b[0mblank\u001b[0m \u001b[0;32mand\u001b[0m \u001b[0mvalue\u001b[0m \u001b[0;34m==\u001b[0m \u001b[0;34m\"\"\u001b[0m\u001b[0;34m:\u001b[0m\u001b[0;34m\u001b[0m\u001b[0;34m\u001b[0m\u001b[0m\n","\u001b[0;32m/usr/local/lib/python3.7/dist-packages/pysimplevalidate/__init__.py\u001b[0m in \u001b[0;36m_raiseValidationException\u001b[0;34m(standardExcMsg, customExcMsg)\u001b[0m\n\u001b[1;32m    221\u001b[0m     \u001b[0;32mif\u001b[0m \u001b[0mcustomExcMsg\u001b[0m \u001b[0;32mis\u001b[0m \u001b[0;32mNone\u001b[0m\u001b[0;34m:\u001b[0m\u001b[0;34m\u001b[0m\u001b[0;34m\u001b[0m\u001b[0m\n\u001b[0;32m--> 222\u001b[0;31m         \u001b[0;32mraise\u001b[0m \u001b[0mValidationException\u001b[0m\u001b[0;34m(\u001b[0m\u001b[0mstr\u001b[0m\u001b[0;34m(\u001b[0m\u001b[0mstandardExcMsg\u001b[0m\u001b[0;34m)\u001b[0m\u001b[0;34m)\u001b[0m\u001b[0;34m\u001b[0m\u001b[0;34m\u001b[0m\u001b[0m\n\u001b[0m\u001b[1;32m    223\u001b[0m     \u001b[0;32melse\u001b[0m\u001b[0;34m:\u001b[0m\u001b[0;34m\u001b[0m\u001b[0;34m\u001b[0m\u001b[0m\n","\u001b[0;31mValidationException\u001b[0m: Blank values are not allowed.","\nDuring handling of the above exception, another exception occurred:\n","\u001b[0;31mRetryLimitException\u001b[0m                       Traceback (most recent call last)","\u001b[0;32m<ipython-input-8-af00d69b8cd2>\u001b[0m in \u001b[0;36m<module>\u001b[0;34m\u001b[0m\n\u001b[0;32m----> 1\u001b[0;31m \u001b[0mresponse\u001b[0m \u001b[0;34m=\u001b[0m \u001b[0mpyip\u001b[0m\u001b[0;34m.\u001b[0m\u001b[0minputStr\u001b[0m\u001b[0;34m(\u001b[0m\u001b[0mlimit\u001b[0m\u001b[0;34m=\u001b[0m\u001b[0;36m3\u001b[0m\u001b[0;34m)\u001b[0m\u001b[0;34m\u001b[0m\u001b[0;34m\u001b[0m\u001b[0m\n\u001b[0m","\u001b[0;32m/usr/local/lib/python3.7/dist-packages/pyinputplus/__init__.py\u001b[0m in \u001b[0;36minputStr\u001b[0;34m(prompt, default, blank, timeout, limit, strip, allowRegexes, blockRegexes, applyFunc, postValidateApplyFunc)\u001b[0m\n\u001b[1;32m    252\u001b[0m         \u001b[0mapplyFunc\u001b[0m\u001b[0;34m=\u001b[0m\u001b[0mapplyFunc\u001b[0m\u001b[0;34m,\u001b[0m\u001b[0;34m\u001b[0m\u001b[0;34m\u001b[0m\u001b[0m\n\u001b[1;32m    253\u001b[0m         \u001b[0mpostValidateApplyFunc\u001b[0m\u001b[0;34m=\u001b[0m\u001b[0mpostValidateApplyFunc\u001b[0m\u001b[0;34m,\u001b[0m\u001b[0;34m\u001b[0m\u001b[0;34m\u001b[0m\u001b[0m\n\u001b[0;32m--> 254\u001b[0;31m         \u001b[0mvalidationFunc\u001b[0m\u001b[0;34m=\u001b[0m\u001b[0mvalidationFunc\u001b[0m\u001b[0;34m,\u001b[0m\u001b[0;34m\u001b[0m\u001b[0;34m\u001b[0m\u001b[0m\n\u001b[0m\u001b[1;32m    255\u001b[0m     )\n\u001b[1;32m    256\u001b[0m \u001b[0;34m\u001b[0m\u001b[0m\n","\u001b[0;32m/usr/local/lib/python3.7/dist-packages/pyinputplus/__init__.py\u001b[0m in \u001b[0;36m_genericInput\u001b[0;34m(prompt, default, timeout, limit, applyFunc, validationFunc, postValidateApplyFunc, passwordMask)\u001b[0m\n\u001b[1;32m    186\u001b[0m                 \u001b[0;32melse\u001b[0m\u001b[0;34m:\u001b[0m\u001b[0;34m\u001b[0m\u001b[0;34m\u001b[0m\u001b[0m\n\u001b[1;32m    187\u001b[0m                     \u001b[0;31m# If there is no default, then raise the timeout/limit exception.\u001b[0m\u001b[0;34m\u001b[0m\u001b[0;34m\u001b[0m\u001b[0;34m\u001b[0m\u001b[0m\n\u001b[0;32m--> 188\u001b[0;31m                     \u001b[0;32mraise\u001b[0m \u001b[0mlimitOrTimeoutException\u001b[0m\u001b[0;34m\u001b[0m\u001b[0;34m\u001b[0m\u001b[0m\n\u001b[0m\u001b[1;32m    189\u001b[0m             \u001b[0;32melse\u001b[0m\u001b[0;34m:\u001b[0m\u001b[0;34m\u001b[0m\u001b[0;34m\u001b[0m\u001b[0m\n\u001b[1;32m    190\u001b[0m                 \u001b[0;31m# If there was no timeout/limit exceeded, let the user enter input again.\u001b[0m\u001b[0;34m\u001b[0m\u001b[0;34m\u001b[0m\u001b[0;34m\u001b[0m\u001b[0m\n","\u001b[0;31mRetryLimitException\u001b[0m: "]}]},{"cell_type":"markdown","source":["## 7. If blank input is entered three times, what does inputStr(limit=3, default=&#39;hello&#39;) do?"],"metadata":{"id":"ieHp-9lWOy35"}},{"cell_type":"markdown","source":["Ans: -\n","\n","When you use limit keyword arguments and also pass a default keyword argument, the function returns the default value instead of raising an exception.\n","\n","The function returns the value 'hello'."],"metadata":{"id":"wDJzx8pMO3bV"}},{"cell_type":"code","source":["response = pyip.inputStr(limit=3,default='hello')\n","response"],"metadata":{"id":"G5iit8axO4FU","colab":{"base_uri":"https://localhost:8080/","height":139},"executionInfo":{"status":"ok","timestamp":1666872468218,"user_tz":-330,"elapsed":26782,"user":{"displayName":"Padma Dey","userId":"04161716402767628731"}},"outputId":"e74a283c-f49e-430d-8e7c-b5074c223bf3"},"execution_count":null,"outputs":[{"output_type":"stream","name":"stdout","text":[" \n","Blank values are not allowed.\n"," \n","Blank values are not allowed.\n","\n","Blank values are not allowed.\n"]},{"output_type":"execute_result","data":{"text/plain":["'hello'"],"application/vnd.google.colaboratory.intrinsic+json":{"type":"string"}},"metadata":{},"execution_count":7}]}]}